<?xml version="1.0" encoding="UTF-8"?>
<testsuite name="zipfile.ZipReaderClass" tests="1" skipped="0" failures="0" errors="0" timestamp="2022-06-27T06:30:22" hostname="WIN-C7L99QII7ER" time="3.898">
  <properties/>
  <testcase name="readZipFile()" classname="zipfile.ZipReaderClass" time="3.898"/>
  <system-out><![CDATA[]]></system-out>
  <system-err><![CDATA[]]></system-err>
</testsuite>
